<?xml version="1.0" encoding="UTF-8"?>
<testsuite name="Scenario: check whether the sum of items in the bag is correct" tests="7" skipped="0" failures="0" errors="0" timestamp="2017-06-18T10:25:16" hostname="MaxMacBook" time="16.374">
  <properties/>
  <testcase name="Given I navigate to &quot;https://www.yoox.com/it/uomo&quot;" classname="Scenario: check whether the sum of items in the bag is correct" time="0.001"/>
  <testcase name="And I go to item selection's page" classname="Scenario: check whether the sum of items in the bag is correct" time="0.0"/>
  <testcase name="When I add two random prioducts to the bag" classname="Scenario: check whether the sum of items in the bag is correct" time="0.0"/>
  <testcase name="And I navigate to the bag" classname="Scenario: check whether the sum of items in the bag is correct" time="0.0"/>
  <testcase name="And I add one more instance of a product" classname="Scenario: check whether the sum of items in the bag is correct" time="0.0"/>
  <testcase name="Then The final price must be correct" classname="Scenario: check whether the sum of items in the bag is correct" time="0.0"/>
  <testcase name="classMethod" classname="Scenario: check whether the sum of items in the bag is correct" time="21.728"/>
  <system-out><![CDATA[]]></system-out>
  <system-err><![CDATA[giu 18, 2017 12:25:13 PM org.openqa.selenium.remote.ProtocolHandshake createSession
INFORMAZIONI: Detected dialect: OSS
]]></system-err>
</testsuite>
